<?xml version="1.0" encoding="UTF-8"?>
<!-- Generated by org.testng.reporters.JUnitReportReporter -->
<testsuite hostname="DESKTOP-FNFFNO2" failures="0" tests="1" name="solar_Battery_Charger.ConfigureTest" time="104.103" errors="0" timestamp="2020-10-14T11:50:20 IST" skipped="0">
  <testcase classname="solar_Battery_Charger.ConfigureTest" name="configTest" time="104.103"/>
  <system-out/>
</testsuite> <!-- solar_Battery_Charger.ConfigureTest -->
