<?xml version="1.0" encoding="UTF-8"?>
<!-- Generated by org.testng.reporters.JUnitReportReporter -->
<testsuite hostname="DESKTOP-RVF8D5G" failures="0" tests="2" name="solar_Battery_Charger.loginTest" time="33.916" errors="0" timestamp="08 Oct 2020 09:29:36 GMT" skipped="0">
  <testcase classname="solar_Battery_Charger.loginTest" name="LoginTest" time="17.167"/>
  <testcase classname="solar_Battery_Charger.loginTest" name="LoginTest" time="16.749"/>
</testsuite> <!-- solar_Battery_Charger.loginTest -->
