<?xml version="1.0" encoding="UTF-8"?>
<!-- Generated by org.testng.reporters.JUnitReportReporter -->
<testsuite hostname="DESKTOP-FNFFNO2" failures="0" tests="2" name="solar_Battery_Charger.loginTest" time="39.632" errors="0" timestamp="2020-10-13T11:45:58 IST" skipped="0">
  <testcase classname="solar_Battery_Charger.loginTest" name="LoginTest" time="19.323"/>
  <system-out/>
  <testcase classname="solar_Battery_Charger.loginTest" name="LoginTest" time="20.309"/>
  <system-out/>
</testsuite> <!-- solar_Battery_Charger.loginTest -->
