<?xml version="1.0" encoding="UTF-8"?>
<!-- Generated by org.testng.reporters.JUnitReportReporter -->
<testsuite hostname="DESKTOP-RVF8D5G" failures="0" tests="2" name="solar_Battery_Charger.loginTest" time="34.346" errors="0" timestamp="08 Oct 2020 07:10:28 GMT" skipped="0">
  <testcase classname="solar_Battery_Charger.loginTest" name="LoginTest" time="16.880"/>
  <testcase classname="solar_Battery_Charger.loginTest" name="LoginTest" time="17.466"/>
</testsuite> <!-- solar_Battery_Charger.loginTest -->
