<?xml version="1.0" encoding="UTF-8"?>
<!-- Generated by org.testng.reporters.JUnitReportReporter -->
<testsuite hostname="DESKTOP-RVF8D5G" failures="0" tests="1" name="solar_Battery_Charger.ConfigureTest" time="79.196" errors="0" timestamp="08 Oct 2020 12:32:04 GMT" skipped="0">
  <testcase classname="solar_Battery_Charger.ConfigureTest" name="configTest" time="79.196"/>
</testsuite> <!-- solar_Battery_Charger.ConfigureTest -->
