<?xml version="1.0" encoding="UTF-8"?>
<!-- Generated by org.testng.reporters.JUnitReportReporter -->
<testsuite hostname="DESKTOP-RVF8D5G" failures="0" tests="1" name="solar_Battery_Charger.ConfigureTest" time="89.815" errors="0" timestamp="09 Oct 2020 11:30:31 GMT" skipped="0">
  <testcase classname="solar_Battery_Charger.ConfigureTest" name="configTest" time="89.815"/>
</testsuite> <!-- solar_Battery_Charger.ConfigureTest -->
